[2026-03-06 12:17:15] ============================================================
[2026-03-06 12:17:15] LightGCN Training | cpu | 3-layer dim=64
[2026-03-06 12:17:15] Users=30038 Items=41137 Train=847671
[2026-03-06 12:17:15] BPR + InBatchNeg + PopWeighted | BS=8192 | batches/ep=103
[2026-03-06 12:17:15] ============================================================
[2026-03-06 12:18:06] Ep  1/50 [5/103b] Loss=5.1986 BPR=0.6931 InB=9.0109 Reg=0.005377 | 51s
[2026-03-06 12:19:21] Ep  2/50 [5/103b] Loss=5.1983 BPR=0.6930 InB=9.0106 Reg=0.006331 | 63s
[2026-03-06 12:20:25] Ep  3/50 [5/103b] Loss=5.1971 BPR=0.6924 InB=9.0095 Reg=0.008722 | 51s
[2026-03-06 12:21:23] Ep  4/50 [5/103b] Loss=5.1943 BPR=0.6909 InB=9.0068 Reg=0.013364 | 45s
[2026-03-06 12:22:27] Ep  5/50 [5/103b] Loss=5.1887 BPR=0.6880 InB=9.0015 Reg=0.021380 | 45s
[2026-03-06 12:22:34]    Eval: Recall@20=0.0717 NDCG@20=0.0395 Recall@50=0.1184 NDCG@50=0.0508
[2026-03-06 12:22:34]    ★ Best R@20=0.0717
[2026-03-06 12:23:40] Ep  6/50 [5/103b] Loss=5.1797 BPR=0.6833 InB=8.9928 Reg=0.033896 | 55s
[2026-03-06 12:24:39] Ep  7/50 [5/103b] Loss=5.1667 BPR=0.6766 InB=8.9803 Reg=0.051914 | 48s
[2026-03-06 12:25:44] Ep  8/50 [5/103b] Loss=5.1493 BPR=0.6675 InB=8.9635 Reg=0.076263 | 53s
[2026-03-06 12:26:48] Ep  9/50 [5/103b] Loss=5.1274 BPR=0.6562 InB=8.9425 Reg=0.107572 | 52s
[2026-03-06 12:27:50] Ep 10/50 [5/103b] Loss=5.1014 BPR=0.6426 InB=8.9176 Reg=0.146240 | 49s
[2026-03-06 12:27:57]    Eval: Recall@20=0.0662 NDCG@20=0.0362 Recall@50=0.1098 NDCG@50=0.0468
[2026-03-06 12:28:54] Ep 11/50 [5/103b] Loss=5.0717 BPR=0.6270 InB=8.8892 Reg=0.192405 | 45s
[2026-03-06 12:29:48] Ep 12/50 [5/103b] Loss=5.0392 BPR=0.6099 InB=8.8584 Reg=0.245900 | 43s
[2026-03-06 12:30:25] Resumed @ epoch 4, best R@20=0.0000
[2026-03-06 12:30:47] Ep 13/50 [5/103b] Loss=5.0050 BPR=0.5917 InB=8.8265 Reg=0.306186 | 47s
[2026-03-06 12:31:46] Ep 14/50 [5/103b] Loss=4.9705 BPR=0.5730 InB=8.7951 Reg=0.372292 | 47s
[2026-03-06 12:32:41] Ep 15/50 [5/103b] Loss=4.9370 BPR=0.5542 InB=8.7656 Reg=0.442818 | 43s
[2026-03-06 12:32:49]    Eval: Recall@20=0.0665 NDCG@20=0.0365 Recall@50=0.1109 NDCG@50=0.0474
[2026-03-06 12:33:54] Ep 16/50 [5/103b] Loss=4.9054 BPR=0.5359 InB=8.7389 Reg=0.516095 | 53s
[2026-03-06 12:34:52] Ep 17/50 [5/103b] Loss=4.8759 BPR=0.5184 InB=8.7149 Reg=0.590397 | 47s
[2026-03-06 12:35:55] Ep 18/50 [5/103b] Loss=4.8484 BPR=0.5021 InB=8.6923 Reg=0.664219 | 52s
[2026-03-06 12:36:55] Ep 19/50 [5/103b] Loss=4.8220 BPR=0.4871 InB=8.6697 Reg=0.736606 | 46s
[2026-03-06 12:38:01] Ep 20/50 [5/103b] Loss=4.7962 BPR=0.4731 InB=8.6459 Reg=0.807316 | 54s
[2026-03-06 12:38:13]    Eval: Recall@20=0.0725 NDCG@20=0.0404 Recall@50=0.1200 NDCG@50=0.0519
[2026-03-06 12:38:13]    ★ Best R@20=0.0725
[2026-03-06 12:39:31] Ep 21/50 [5/103b] Loss=4.7706 BPR=0.4602 InB=8.6207 Reg=0.876727 | 64s
[2026-03-06 12:40:42] Ep 22/50 [5/103b] Loss=4.7452 BPR=0.4480 InB=8.5942 Reg=0.945572 | 59s
[2026-03-06 12:41:43] Ep 23/50 [5/103b] Loss=4.7200 BPR=0.4365 InB=8.5669 Reg=1.014675 | 49s
[2026-03-06 12:42:57] Ep 24/50 [5/103b] Loss=4.6951 BPR=0.4254 InB=8.5392 Reg=1.084743 | 61s
[2026-03-06 12:44:08] Ep 25/50 [5/103b] Loss=4.6704 BPR=0.4146 InB=8.5114 Reg=1.156276 | 58s
[2026-03-06 12:44:19]    Eval: Recall@20=0.0799 NDCG@20=0.0453 Recall@50=0.1309 NDCG@50=0.0577
[2026-03-06 12:44:19]    ★ Best R@20=0.0799
[2026-03-06 12:45:24] Ep 26/50 [5/103b] Loss=4.6462 BPR=0.4042 InB=8.4838 Reg=1.229538 | 53s
[2026-03-06 12:46:31] Epoch   4/80 [103/103 batches] | Loss=4.3400 (BPR=0.3037 InB=8.0721) | 966.1s
[2026-03-06 12:46:31] Best: R@20=0.0000 @ ep0
[2026-03-06 12:46:32] Ep 27/50 [5/103b] Loss=4.6223 BPR=0.3940 InB=8.4564 Reg=1.304595 | 55s
[2026-03-06 12:46:37] Resumed @ epoch 28, best R@20=0.0799
[2026-03-06 12:47:28] Ep 28/50 [5/103b] Loss=4.5989 BPR=0.3841 InB=8.4294 Reg=1.381362 | 45s
[2026-03-06 12:48:27] Ep 29/50 [5/103b] Loss=4.5760 BPR=0.3745 InB=8.4028 Reg=1.459659 | 49s
[2026-03-06 12:49:24] Ep 30/50 [5/103b] Loss=4.5536 BPR=0.3652 InB=8.3765 Reg=1.539265 | 44s
[2026-03-06 12:49:32]    Eval: Recall@20=0.0846 NDCG@20=0.0488 Recall@50=0.1369 NDCG@50=0.0616
[2026-03-06 12:49:32]    ★ Best R@20=0.0846
[2026-03-06 12:50:30] Ep 31/50 [5/103b] Loss=4.5317 BPR=0.3561 InB=8.3507 Reg=1.619942 | 45s
[2026-03-06 12:51:34] Ep 32/50 [5/103b] Loss=4.5103 BPR=0.3474 InB=8.3253 Reg=1.701475 | 52s
[2026-03-06 12:52:28] Ep 33/50 [5/103b] Loss=4.4894 BPR=0.3391 InB=8.3004 Reg=1.783684 | 42s
[2026-03-06 12:53:26] Ep 34/50 [5/103b] Loss=4.4691 BPR=0.3310 InB=8.2758 Reg=1.866419 | 47s
[2026-03-06 12:54:18] Ep 35/50 [5/103b] Loss=4.4492 BPR=0.3232 InB=8.2517 Reg=1.949564 | 41s
[2026-03-06 12:54:24]    Eval: Recall@20=0.0877 NDCG@20=0.0509 Recall@50=0.1422 NDCG@50=0.0642
[2026-03-06 12:54:24]    ★ Best R@20=0.0877
[2026-03-06 12:55:16] Ep 36/50 [5/103b] Loss=4.4299 BPR=0.3157 InB=8.2279 Reg=2.033038 | 39s
[2026-03-06 12:56:03] Ep 37/50 [5/103b] Loss=4.4110 BPR=0.3085 InB=8.2046 Reg=2.116774 | 37s
[2026-03-06 12:56:50] Ep 38/50 [5/103b] Loss=4.3926 BPR=0.3016 InB=8.1817 Reg=2.200728 | 36s
[2026-03-06 12:57:40] Ep 39/50 [5/103b] Loss=4.3747 BPR=0.2949 InB=8.1592 Reg=2.284868 | 40s
[2026-03-06 12:58:31] Ep 40/50 [5/103b] Loss=4.3572 BPR=0.2884 InB=8.1371 Reg=2.369177 | 41s
[2026-03-06 12:58:36]    Eval: Recall@20=0.0896 NDCG@20=0.0516 Recall@50=0.1444 NDCG@50=0.0651
[2026-03-06 12:58:36]    ★ Best R@20=0.0896
[2026-03-06 12:59:17] Epoch  28/80 [103/103 batches] | Loss=4.4714 (BPR=0.3490 InB=8.2444) | 760.5s
[2026-03-06 12:59:17] Best: R@20=0.0799 @ ep25
[2026-03-06 12:59:22] Resumed @ epoch 29, best R@20=0.0799
[2026-03-06 12:59:26] Ep 41/50 [5/103b] Loss=4.3401 BPR=0.2821 InB=8.1154 Reg=2.453641 | 38s
[2026-03-06 13:00:21] Ep 42/50 [5/103b] Loss=4.3234 BPR=0.2761 InB=8.0940 Reg=2.538257 | 41s
[2026-03-06 13:01:17] Ep 43/50 [5/103b] Loss=4.3070 BPR=0.2703 InB=8.0729 Reg=2.623027 | 44s
[2026-03-06 13:02:19] Ep 44/50 [5/103b] Loss=4.2910 BPR=0.2646 InB=8.0521 Reg=2.707956 | 51s
[2026-03-06 13:03:29] Ep 45/50 [5/103b] Loss=4.2753 BPR=0.2592 InB=8.0317 Reg=2.793055 | 57s
[2026-03-06 13:03:37]    Eval: Recall@20=0.0919 NDCG@20=0.0521 Recall@50=0.1468 NDCG@50=0.0657
[2026-03-06 13:03:37]    ★ Best R@20=0.0919
[2026-03-06 13:04:32] Ep 46/50 [5/103b] Loss=4.2599 BPR=0.2539 InB=8.0115 Reg=2.878325 | 41s
[2026-03-06 13:05:24] Ep 47/50 [5/103b] Loss=4.2448 BPR=0.2487 InB=7.9916 Reg=2.963780 | 40s
[2026-03-06 13:06:22] Ep 48/50 [5/103b] Loss=4.2300 BPR=0.2437 InB=7.9719 Reg=3.049427 | 45s
[2026-03-06 13:07:23] Ep 49/50 [5/103b] Loss=4.2154 BPR=0.2389 InB=7.9525 Reg=3.135266 | 49s
[2026-03-06 13:08:22] Ep 50/50 [5/103b] Loss=4.2011 BPR=0.2342 InB=7.9333 Reg=3.221310 | 45s
[2026-03-06 13:08:29]    Eval: Recall@20=0.0933 NDCG@20=0.0526 Recall@50=0.1493 NDCG@50=0.0665
[2026-03-06 13:08:29]    ★ Best R@20=0.0933
